0 info it worked if it ends with ok
1 verbose cli [ '/Users/bradleyca/.nvm/versions/node/v6.9.2/bin/node',
1 verbose cli   '/Users/bradleyca/.nvm/versions/node/v6.9.2/bin/npm',
1 verbose cli   'unpublish',
1 verbose cli   'generic-protractor-framework@1.0.0' ]
2 info using npm@3.10.9
3 info using node@v6.9.2
4 silly unpublish args[0] generic-protractor-framework@1.0.0
5 silly unpublish thing Result {
5 silly unpublish   raw: 'generic-protractor-framework@1.0.0',
5 silly unpublish   scope: null,
5 silly unpublish   escapedName: 'generic-protractor-framework',
5 silly unpublish   name: 'generic-protractor-framework',
5 silly unpublish   rawSpec: '1.0.0',
5 silly unpublish   spec: '1.0.0',
5 silly unpublish   type: 'version' }
6 verbose getPublishConfig null
7 silly ls normalized generic-protractor-framework/1.0.0
8 silly gentlyRm /Users/bradleyca/.npm/generic-protractor-framework/1.0.0 is being purged
9 verbose gentlyRm don't care about contents; nuking /Users/bradleyca/.npm/generic-protractor-framework/1.0.0
10 silly vacuum-fs purging /Users/bradleyca/.npm/generic-protractor-framework/1.0.0
11 silly vacuum-fs removing /Users/bradleyca/.npm/generic-protractor-framework
12 silly vacuum-fs quitting because other entries in /Users/bradleyca/.npm
13 silly mapToRegistry name generic-protractor-framework
14 silly mapToRegistry using default registry
15 silly mapToRegistry registry https://registry.npmjs.org/
16 silly mapToRegistry data Result {
16 silly mapToRegistry   raw: 'generic-protractor-framework',
16 silly mapToRegistry   scope: null,
16 silly mapToRegistry   escapedName: 'generic-protractor-framework',
16 silly mapToRegistry   name: 'generic-protractor-framework',
16 silly mapToRegistry   rawSpec: '',
16 silly mapToRegistry   spec: 'latest',
16 silly mapToRegistry   type: 'tag' }
17 silly mapToRegistry uri https://registry.npmjs.org/generic-protractor-framework
18 verbose get GET as part of write; not caching result
19 verbose request uri https://registry.npmjs.org/generic-protractor-framework?write=true
20 verbose request no auth needed
21 info attempt registry request try #1 at 10:57:52 PM
22 verbose request using bearer token for auth
23 verbose request id d461c61275eadda0
24 http request GET https://registry.npmjs.org/generic-protractor-framework?write=true
25 http 200 https://registry.npmjs.org/generic-protractor-framework?write=true
26 verbose headers { server: 'CouchDB/1.6.1 (Erlang OTP/R16B03)',
26 verbose headers   'content-type': 'application/json',
26 verbose headers   etag: '"59749d4a-1495"',
26 verbose headers   'content-encoding': 'gzip',
26 verbose headers   'cache-control': 'max-age=0',
26 verbose headers   'transfer-encoding': 'chunked',
26 verbose headers   'accept-ranges': 'bytes',
26 verbose headers   date: 'Sun, 23 Jul 2017 12:57:53 GMT',
26 verbose headers   via: '1.1 varnish',
26 verbose headers   connection: 'keep-alive',
26 verbose headers   'x-served-by': 'cache-mel6522-MEL',
26 verbose headers   'x-cache': 'MISS',
26 verbose headers   'x-cache-hits': '0',
26 verbose headers   'x-timer': 'S1500814672.438753,VS0,VE800',
26 verbose headers   vary: 'Accept-Encoding' }
27 silly get cb [ 200,
27 silly get   { server: 'CouchDB/1.6.1 (Erlang OTP/R16B03)',
27 silly get     'content-type': 'application/json',
27 silly get     etag: '"59749d4a-1495"',
27 silly get     'content-encoding': 'gzip',
27 silly get     'cache-control': 'max-age=0',
27 silly get     'transfer-encoding': 'chunked',
27 silly get     'accept-ranges': 'bytes',
27 silly get     date: 'Sun, 23 Jul 2017 12:57:53 GMT',
27 silly get     via: '1.1 varnish',
27 silly get     connection: 'keep-alive',
27 silly get     'x-served-by': 'cache-mel6522-MEL',
27 silly get     'x-cache': 'MISS',
27 silly get     'x-cache-hits': '0',
27 silly get     'x-timer': 'S1500814672.438753,VS0,VE800',
27 silly get     vary: 'Accept-Encoding' } ]
28 verbose get saving generic-protractor-framework to /Users/bradleyca/.npm/registry.npmjs.org/generic-protractor-framework_3Fwrite_3Dtrue/.cache.json
29 verbose correctMkdir /Users/bradleyca/.npm correctMkdir not in flight; initializing
30 verbose unpublish removing attachments { shasum: 'f766c83f85d5aba04c139efea275e101cf2e1b24',
30 verbose unpublish   tarball: 'https://registry.npmjs.org/generic-protractor-framework/-/generic-protractor-framework-1.0.0.tgz' }
31 info unpublish No versions remain, removing entire package
32 verbose request uri https://registry.npmjs.org/generic-protractor-framework/-rev/15-2368c7194a6fd4fe31100ef2bbb47d20
33 verbose request sending authorization for write operation
34 info attempt registry request try #1 at 10:57:53 PM
35 verbose request using bearer token for auth
36 http request DELETE https://registry.npmjs.org/generic-protractor-framework/-rev/15-2368c7194a6fd4fe31100ef2bbb47d20
37 http 400 https://registry.npmjs.org/generic-protractor-framework/-rev/15-2368c7194a6fd4fe31100ef2bbb47d20
38 verbose headers { 'content-type': 'application/json',
38 verbose headers   'cache-control': 'max-age=300',
38 verbose headers   'content-length': '17',
38 verbose headers   'accept-ranges': 'bytes',
38 verbose headers   date: 'Sun, 23 Jul 2017 12:57:54 GMT',
38 verbose headers   via: '1.1 varnish',
38 verbose headers   connection: 'keep-alive',
38 verbose headers   'x-served-by': 'cache-mel6522-MEL',
38 verbose headers   'x-cache': 'MISS',
38 verbose headers   'x-cache-hits': '0',
38 verbose headers   'x-timer': 'S1500814673.376699,VS0,VE818',
38 verbose headers   vary: 'Accept-Encoding, Accept' }
39 verbose request invalidating /Users/bradleyca/.npm/registry.npmjs.org/generic-protractor-framework on DELETE
40 verbose stack Error: Registry returned 400 for DELETE on https://registry.npmjs.org/generic-protractor-framework/-rev/15-2368c7194a6fd4fe31100ef2bbb47d20
40 verbose stack     at makeError (/Users/bradleyca/.nvm/versions/node/v6.9.2/lib/node_modules/npm/node_modules/npm-registry-client/lib/request.js:302:12)
40 verbose stack     at CachingRegistryClient.<anonymous> (/Users/bradleyca/.nvm/versions/node/v6.9.2/lib/node_modules/npm/node_modules/npm-registry-client/lib/request.js:280:14)
40 verbose stack     at Request._callback (/Users/bradleyca/.nvm/versions/node/v6.9.2/lib/node_modules/npm/node_modules/npm-registry-client/lib/request.js:210:14)
40 verbose stack     at Request.self.callback (/Users/bradleyca/.nvm/versions/node/v6.9.2/lib/node_modules/npm/node_modules/request/request.js:187:22)
40 verbose stack     at emitTwo (events.js:106:13)
40 verbose stack     at Request.emit (events.js:191:7)
40 verbose stack     at Request.<anonymous> (/Users/bradleyca/.nvm/versions/node/v6.9.2/lib/node_modules/npm/node_modules/request/request.js:1048:10)
40 verbose stack     at emitOne (events.js:96:13)
40 verbose stack     at Request.emit (events.js:188:7)
40 verbose stack     at IncomingMessage.<anonymous> (/Users/bradleyca/.nvm/versions/node/v6.9.2/lib/node_modules/npm/node_modules/request/request.js:969:12)
41 verbose statusCode 400
42 verbose pkgid generic-protractor-framework
43 verbose cwd /Users/bradleyca/code/generic-cucumber-protractor-framework
44 error Darwin 16.6.0
45 error argv "/Users/bradleyca/.nvm/versions/node/v6.9.2/bin/node" "/Users/bradleyca/.nvm/versions/node/v6.9.2/bin/npm" "unpublish" "generic-protractor-framework@1.0.0"
46 error node v6.9.2
47 error npm  v3.10.9
48 error code E400
49 error Registry returned 400 for DELETE on https://registry.npmjs.org/generic-protractor-framework/-rev/15-2368c7194a6fd4fe31100ef2bbb47d20
50 error If you need help, you may report this error at:
50 error     <https://github.com/npm/npm/issues>
51 verbose exit [ 1, true ]
